{"C:\\Users\\esender.dubashev\\calculator-js\\src\\calc.js": {"path":"C:\\Users\\esender.dubashev\\calculator-js\\src\\calc.js","statementMap":{"0":{"start":{"line":1,"column":12},"end":{"line":1,"column":24}},"1":{"start":{"line":1,"column":21},"end":{"line":1,"column":24}}},"fnMap":{"0":{"name":"(anonymous_0)","decl":{"start":{"line":1,"column":12},"end":{"line":1,"column":13}},"loc":{"start":{"line":1,"column":21},"end":{"line":1,"column":24}},"line":1}},"branchMap":{},"s":{"0":1,"1":1},"f":{"0":1},"b":{},"_coverageSchema":"1a1c01bbd47fc00a2c39e90264f33305004495a9","hash":"d0ca74e0992351209238ecb327a8cef1bc977e69"}
}
